<?xml version="1.0" encoding="UTF-8"?>
<!-- Generated by org.testng.reporters.JUnitReportReporter -->
<testsuite skipped="0" hostname="DESKTOP-FLV1Q8H" name="TestCases.BasicSuiteFunctionality" tests="6" failures="0" timestamp="20 Feb 2020 06:25:37 GMT" time="144.638" errors="0">
  <testcase name="login" time="14.075" classname="TestCases.BasicSuiteFunctionality"/>
  <testcase name="login" time="33.707" classname="TestCases.BasicSuiteFunctionality"/>
  <testcase name="login" time="36.405" classname="TestCases.BasicSuiteFunctionality"/>
  <testcase name="login" time="29.745" classname="TestCases.BasicSuiteFunctionality"/>
  <testcase name="login" time="23.042" classname="TestCases.BasicSuiteFunctionality"/>
  <testcase name="login" time="7.664" classname="TestCases.BasicSuiteFunctionality"/>
</testsuite> <!-- TestCases.BasicSuiteFunctionality -->
